# JRE version: OpenJDK Runtime Environment (11.0.13) (build 11.0.13+0-b1751.21-8125866)
# Java VM: OpenJDK 64-Bit Server VM (11.0.13+0-b1751.21-8125866, mixed mode, tiered, compressed oops, g1 gc, windows-amd64)
Heap:
 garbage-first heap   total 321536K, used 224679K [0x00000000a0000000, 0x0000000100000000)
  region size 1024K, 53 young (54272K), 2 survivors (2048K)
 Metaspace       used 104601K, capacity 108804K, committed 109520K, reserved 1144832K
  class space    used 13415K, capacity 14730K, committed 14976K, reserved 1048576K
GC Heap History (20 events):
Event: 38.243 GC heap before
{Heap before GC invocations=89 (full 0):
 garbage-first heap   total 280576K, used 210448K [0x00000000a0000000, 0x0000000100000000)
  region size 1024K, 61 young (62464K), 8 survivors (8192K)
 Metaspace       used 100717K, capacity 105059K, committed 105168K, reserved 1140736K
  class space    used 13092K, capacity 14422K, committed 14464K, reserved 1048576K
}
Event: 38.252 GC heap after
{Heap after GC invocations=90 (full 0):
 garbage-first heap   total 280576K, used 160896K [0x00000000a0000000, 0x0000000100000000)
  region size 1024K, 8 young (8192K), 8 survivors (8192K)
 Metaspace       used 100717K, capacity 105059K, committed 105168K, reserved 1140736K
  class space    used 13092K, capacity 14422K, committed 14464K, reserved 1048576K
}
Event: 38.675 GC heap before
{Heap before GC invocations=90 (full 0):
 garbage-first heap   total 280576K, used 198784K [0x00000000a0000000, 0x0000000100000000)
  region size 1024K, 47 young (48128K), 8 survivors (8192K)
 Metaspace       used 101158K, capacity 105485K, committed 105552K, reserved 1140736K
  class space    used 13164K, capacity 14562K, committed 14592K, reserved 1048576K
}
Event: 38.682 GC heap after
{Heap after GC invocations=91 (full 0):
 garbage-first heap   total 280576K, used 163485K [0x00000000a0000000, 0x0000000100000000)
  region size 1024K, 3 young (3072K), 3 survivors (3072K)
 Metaspace       used 101158K, capacity 105485K, committed 105552K, reserved 1140736K
  class space    used 13164K, capacity 14562K, committed 14592K, reserved 1048576K
}
Event: 39.225 GC heap before
{Heap before GC invocations=92 (full 0):
 garbage-first heap   total 319488K, used 291485K [0x00000000a0000000, 0x0000000100000000)
  region size 1024K, 54 young (55296K), 3 survivors (3072K)
 Metaspace       used 101148K, capacity 105369K, committed 105808K, reserved 1140736K
  class space    used 13122K, capacity 14455K, committed 14592K, reserved 1048576K
}
Event: 39.232 GC heap after
{Heap after GC invocations=93 (full 0):
 garbage-first heap   total 319488K, used 243542K [0x00000000a0000000, 0x0000000100000000)
  region size 1024K, 6 young (6144K), 6 survivors (6144K)
 Metaspace       used 101148K, capacity 105369K, committed 105808K, reserved 1140736K
  class space    used 13122K, capacity 14455K, committed 14592K, reserved 1048576K
}
Event: 39.409 GC heap before
{Heap before GC invocations=93 (full 0):
 garbage-first heap   total 319488K, used 273238K [0x00000000a0000000, 0x0000000100000000)
  region size 1024K, 37 young (37888K), 6 survivors (6144K)
 Metaspace       used 101214K, capacity 105381K, committed 105808K, reserved 1140736K
  class space    used 13123K, capacity 14457K, committed 14592K, reserved 1048576K
}
Event: 39.414 GC heap after
{Heap after GC invocations=94 (full 0):
 garbage-first heap   total 319488K, used 245045K [0x00000000a0000000, 0x0000000100000000)
  region size 1024K, 2 young (2048K), 2 survivors (2048K)
 Metaspace       used 101214K, capacity 105381K, committed 105808K, reserved 1140736K
  class space    used 13123K, capacity 14457K, committed 14592K, reserved 1048576K
}
Event: 40.012 GC heap before
{Heap before GC invocations=95 (full 0):
 garbage-first heap   total 319488K, used 274741K [0x00000000a0000000, 0x0000000100000000)
  region size 1024K, 32 young (32768K), 2 survivors (2048K)
 Metaspace       used 101537K, capacity 105793K, committed 106192K, reserved 1140736K
  class space    used 13159K, capacity 14504K, committed 14720K, reserved 1048576K
}
Event: 40.016 GC heap after
{Heap after GC invocations=96 (full 0):
 garbage-first heap   total 319488K, used 246354K [0x00000000a0000000, 0x0000000100000000)
  region size 1024K, 3 young (3072K), 3 survivors (3072K)
 Metaspace       used 101537K, capacity 105793K, committed 106192K, reserved 1140736K
  class space    used 13159K, capacity 14504K, committed 14720K, reserved 1048576K
}
Event: 40.397 GC heap before
{Heap before GC invocations=96 (full 0):
 garbage-first heap   total 319488K, used 277074K [0x00000000a0000000, 0x0000000100000000)
  region size 1024K, 33 young (33792K), 3 survivors (3072K)
 Metaspace       used 102807K, capacity 107148K, committed 107600K, reserved 1142784K
  class space    used 13267K, capacity 14662K, committed 14848K, reserved 1048576K
}
Event: 40.407 GC heap after
{Heap after GC invocations=97 (full 0):
 garbage-first heap   total 319488K, used 250314K [0x00000000a0000000, 0x0000000100000000)
  region size 1024K, 5 young (5120K), 5 survivors (5120K)
 Metaspace       used 102807K, capacity 107148K, committed 107600K, reserved 1142784K
  class space    used 13267K, capacity 14662K, committed 14848K, reserved 1048576K
}
Event: 41.672 GC heap before
{Heap before GC invocations=98 (full 0):
 garbage-first heap   total 319488K, used 238026K [0x00000000a0000000, 0x0000000100000000)
  region size 1024K, 32 young (32768K), 5 survivors (5120K)
 Metaspace       used 103869K, capacity 108277K, committed 108496K, reserved 1142784K
  class space    used 13424K, capacity 14848K, committed 14976K, reserved 1048576K
}
Event: 41.681 GC heap after
{Heap after GC invocations=99 (full 0):
 garbage-first heap   total 319488K, used 173216K [0x00000000a0000000, 0x0000000100000000)
  region size 1024K, 2 young (2048K), 2 survivors (2048K)
 Metaspace       used 103869K, capacity 108277K, committed 108496K, reserved 1142784K
  class space    used 13424K, capacity 14848K, committed 14976K, reserved 1048576K
}
Event: 41.746 GC heap before
{Heap before GC invocations=99 (full 0):
 garbage-first heap   total 319488K, used 180384K [0x00000000a0000000, 0x0000000100000000)
  region size 1024K, 11 young (11264K), 2 survivors (2048K)
 Metaspace       used 103960K, capacity 108345K, committed 108496K, reserved 1142784K
  class space    used 13435K, capacity 14849K, committed 14976K, reserved 1048576K
}
Event: 41.750 GC heap after
{Heap after GC invocations=100 (full 0):
 garbage-first heap   total 319488K, used 173053K [0x00000000a0000000, 0x0000000100000000)
  region size 1024K, 2 young (2048K), 2 survivors (2048K)
 Metaspace       used 103960K, capacity 108345K, committed 108496K, reserved 1142784K
  class space    used 13435K, capacity 14849K, committed 14976K, reserved 1048576K
}
Event: 42.664 GC heap before
{Heap before GC invocations=101 (full 0):
 garbage-first heap   total 319488K, used 318461K [0x00000000a0000000, 0x0000000100000000)
  region size 1024K, 24 young (24576K), 2 survivors (2048K)
 Metaspace       used 104526K, capacity 108931K, committed 109008K, reserved 1142784K
  class space    used 13525K, capacity 14937K, committed 14976K, reserved 1048576K
}
Event: 42.668 GC heap after
{Heap after GC invocations=102 (full 0):
 garbage-first heap   total 321536K, used 173608K [0x00000000a0000000, 0x0000000100000000)
  region size 1024K, 2 young (2048K), 2 survivors (2048K)
 Metaspace       used 104526K, capacity 108931K, committed 109008K, reserved 1142784K
  class space    used 13525K, capacity 14937K, committed 14976K, reserved 1048576K
}
Event: 2844.584 GC heap before
{Heap before GC invocations=102 (full 0):
 garbage-first heap   total 321536K, used 238120K [0x00000000a0000000, 0x0000000100000000)
  region size 1024K, 66 young (67584K), 2 survivors (2048K)
 Metaspace       used 104928K, capacity 109343K, committed 109520K, reserved 1144832K
  class space    used 13529K, capacity 14941K, committed 14976K, reserved 1048576K
}
Event: 2844.719 GC heap after
{Heap after GC invocations=103 (full 0):
 garbage-first heap   total 321536K, used 173479K [0x00000000a0000000, 0x0000000100000000)
  region size 1024K, 2 young (2048K), 2 survivors (2048K)
 Metaspace       used 104928K, capacity 109343K, committed 109520K, reserved 1144832K
  class space    used 13529K, capacity 14941K, committed 14976K, reserved 1048576K
}

