# JRE version: OpenJDK Runtime Environment (11.0.13) (build 11.0.13+0-b1751.21-8125866)
# Java VM: OpenJDK 64-Bit Server VM (11.0.13+0-b1751.21-8125866, mixed mode, tiered, compressed oops, g1 gc, windows-amd64)
Heap:
 garbage-first heap   total 247808K, used 151236K [0x00000000a0000000, 0x0000000100000000)
  region size 1024K, 7 young (7168K), 5 survivors (5120K)
 Metaspace       used 98344K, capacity 102521K, committed 102644K, reserved 1138688K
  class space    used 12864K, capacity 14174K, committed 14240K, reserved 1048576K
GC Heap History (20 events):
Event: 28.873 GC heap before
{Heap before GC invocations=72 (full 0):
 garbage-first heap   total 155648K, used 134498K [0x00000000a0000000, 0x0000000100000000)
  region size 1024K, 8 young (8192K), 1 survivors (1024K)
 Metaspace       used 90880K, capacity 94443K, committed 94580K, reserved 1130496K
  class space    used 11909K, capacity 13016K, committed 13088K, reserved 1048576K
}
Event: 28.875 GC heap after
{Heap after GC invocations=73 (full 0):
 garbage-first heap   total 155648K, used 127842K [0x00000000a0000000, 0x0000000100000000)
  region size 1024K, 1 young (1024K), 1 survivors (1024K)
 Metaspace       used 90880K, capacity 94443K, committed 94580K, reserved 1130496K
  class space    used 11909K, capacity 13016K, committed 13088K, reserved 1048576K
}
Event: 29.002 GC heap before
{Heap before GC invocations=73 (full 0):
 garbage-first heap   total 155648K, used 135010K [0x00000000a0000000, 0x0000000100000000)
  region size 1024K, 8 young (8192K), 1 survivors (1024K)
 Metaspace       used 92471K, capacity 96105K, committed 96372K, reserved 1132544K
  class space    used 12086K, capacity 13247K, committed 13344K, reserved 1048576K
}
Event: 29.004 GC heap after
{Heap after GC invocations=74 (full 0):
 garbage-first heap   total 155648K, used 128297K [0x00000000a0000000, 0x0000000100000000)
  region size 1024K, 1 young (1024K), 1 survivors (1024K)
 Metaspace       used 92471K, capacity 96105K, committed 96372K, reserved 1132544K
  class space    used 12086K, capacity 13247K, committed 13344K, reserved 1048576K
}
Event: 29.093 GC heap before
{Heap before GC invocations=74 (full 0):
 garbage-first heap   total 155648K, used 135465K [0x00000000a0000000, 0x0000000100000000)
  region size 1024K, 8 young (8192K), 1 survivors (1024K)
 Metaspace       used 92875K, capacity 96491K, committed 96628K, reserved 1132544K
  class space    used 12139K, capacity 13287K, committed 13344K, reserved 1048576K
}
Event: 29.096 GC heap after
{Heap after GC invocations=75 (full 0):
 garbage-first heap   total 187392K, used 129043K [0x00000000a0000000, 0x0000000100000000)
  region size 1024K, 1 young (1024K), 1 survivors (1024K)
 Metaspace       used 92875K, capacity 96491K, committed 96628K, reserved 1132544K
  class space    used 12139K, capacity 13287K, committed 13344K, reserved 1048576K
}
Event: 29.326 GC heap before
{Heap before GC invocations=76 (full 0):
 garbage-first heap   total 187392K, used 145427K [0x00000000a0000000, 0x0000000100000000)
  region size 1024K, 17 young (17408K), 1 survivors (1024K)
 Metaspace       used 93593K, capacity 97263K, committed 97524K, reserved 1134592K
  class space    used 12212K, capacity 13374K, committed 13472K, reserved 1048576K
}
Event: 29.332 GC heap after
{Heap after GC invocations=77 (full 0):
 garbage-first heap   total 187392K, used 131956K [0x00000000a0000000, 0x0000000100000000)
  region size 1024K, 3 young (3072K), 3 survivors (3072K)
 Metaspace       used 93593K, capacity 97263K, committed 97524K, reserved 1134592K
  class space    used 12212K, capacity 13374K, committed 13472K, reserved 1048576K
}
Event: 29.523 GC heap before
{Heap before GC invocations=77 (full 0):
 garbage-first heap   total 187392K, used 148340K [0x00000000a0000000, 0x0000000100000000)
  region size 1024K, 19 young (19456K), 3 survivors (3072K)
 Metaspace       used 93995K, capacity 97744K, committed 98036K, reserved 1134592K
  class space    used 12255K, capacity 13419K, committed 13472K, reserved 1048576K
}
Event: 29.530 GC heap after
{Heap after GC invocations=78 (full 0):
 garbage-first heap   total 187392K, used 136287K [0x00000000a0000000, 0x0000000100000000)
  region size 1024K, 3 young (3072K), 3 survivors (3072K)
 Metaspace       used 93995K, capacity 97744K, committed 98036K, reserved 1134592K
  class space    used 12255K, capacity 13419K, committed 13472K, reserved 1048576K
}
Event: 29.775 GC heap before
{Heap before GC invocations=79 (full 0):
 garbage-first heap   total 187392K, used 150623K [0x00000000a0000000, 0x0000000100000000)
  region size 1024K, 18 young (18432K), 3 survivors (3072K)
 Metaspace       used 94878K, capacity 98616K, committed 98676K, reserved 1134592K
  class space    used 12372K, capacity 13554K, committed 13600K, reserved 1048576K
}
Event: 29.779 GC heap after
{Heap after GC invocations=80 (full 0):
 garbage-first heap   total 187392K, used 139013K [0x00000000a0000000, 0x0000000100000000)
  region size 1024K, 3 young (3072K), 3 survivors (3072K)
 Metaspace       used 94878K, capacity 98616K, committed 98676K, reserved 1134592K
  class space    used 12372K, capacity 13554K, committed 13600K, reserved 1048576K
}
Event: 29.929 GC heap before
{Heap before GC invocations=80 (full 0):
 garbage-first heap   total 187392K, used 153349K [0x00000000a0000000, 0x0000000100000000)
  region size 1024K, 17 young (17408K), 3 survivors (3072K)
 Metaspace       used 95158K, capacity 98881K, committed 98932K, reserved 1134592K
  class space    used 12404K, capacity 13555K, committed 13600K, reserved 1048576K
}
Event: 29.938 GC heap after
{Heap after GC invocations=81 (full 0):
 garbage-first heap   total 247808K, used 142170K [0x00000000a0000000, 0x0000000100000000)
  region size 1024K, 3 young (3072K), 3 survivors (3072K)
 Metaspace       used 95158K, capacity 98881K, committed 98932K, reserved 1134592K
  class space    used 12404K, capacity 13555K, committed 13600K, reserved 1048576K
}
Event: 30.540 GC heap before
{Heap before GC invocations=82 (full 0):
 garbage-first heap   total 247808K, used 175962K [0x00000000a0000000, 0x0000000100000000)
  region size 1024K, 37 young (37888K), 3 survivors (3072K)
 Metaspace       used 96567K, capacity 100447K, committed 100596K, reserved 1136640K
  class space    used 12637K, capacity 13882K, committed 13984K, reserved 1048576K
}
Event: 30.548 GC heap after
{Heap after GC invocations=83 (full 0):
 garbage-first heap   total 247808K, used 146437K [0x00000000a0000000, 0x0000000100000000)
  region size 1024K, 5 young (5120K), 5 survivors (5120K)
 Metaspace       used 96567K, capacity 100447K, committed 100596K, reserved 1136640K
  class space    used 12637K, capacity 13882K, committed 13984K, reserved 1048576K
}
Event: 31.320 GC heap before
{Heap before GC invocations=83 (full 0):
 garbage-first heap   total 247808K, used 182277K [0x00000000a0000000, 0x0000000100000000)
  region size 1024K, 40 young (40960K), 5 survivors (5120K)
 Metaspace       used 97771K, capacity 101920K, committed 102004K, reserved 1136640K
  class space    used 12819K, capacity 14086K, committed 14112K, reserved 1048576K
}
Event: 31.326 GC heap after
{Heap after GC invocations=84 (full 0):
 garbage-first heap   total 247808K, used 147498K [0x00000000a0000000, 0x0000000100000000)
  region size 1024K, 2 young (2048K), 2 survivors (2048K)
 Metaspace       used 97771K, capacity 101920K, committed 102004K, reserved 1136640K
  class space    used 12819K, capacity 14086K, committed 14112K, reserved 1048576K
}
Event: 121.752 GC heap before
{Heap before GC invocations=85 (full 0):
 garbage-first heap   total 247808K, used 186410K [0x00000000a0000000, 0x0000000100000000)
  region size 1024K, 40 young (40960K), 2 survivors (2048K)
 Metaspace       used 98330K, capacity 102521K, committed 102644K, reserved 1138688K
  class space    used 12864K, capacity 14174K, committed 14240K, reserved 1048576K
}
Event: 121.789 GC heap after
{Heap after GC invocations=86 (full 0):
 garbage-first heap   total 247808K, used 150212K [0x00000000a0000000, 0x0000000100000000)
  region size 1024K, 5 young (5120K), 5 survivors (5120K)
 Metaspace       used 98330K, capacity 102521K, committed 102644K, reserved 1138688K
  class space    used 12864K, capacity 14174K, committed 14240K, reserved 1048576K
}

